<?xml version="1.0" encoding="UTF-8"?>
<!-- Generated by org.testng.reporters.JUnitReportReporter -->
<testsuite hostname="admin-PC" failures="0" tests="4" name="com.swaglabs.qa.tests.HomePageTest" time="57.918" errors="0" timestamp="2020-05-29T23:30:38 IST" skipped="0">
  <testcase classname="com.swaglabs.qa.tests.HomePageTest" name="VerifyHomePageLogoTest" time="14.172"/>
  <testcase classname="com.swaglabs.qa.tests.HomePageTest" name="verifyHomePageLogoTest" time="15.010"/>
  <testcase classname="com.swaglabs.qa.tests.HomePageTest" name="verifyInventoryImageTest" time="12.069"/>
  <testcase classname="com.swaglabs.qa.tests.HomePageTest" name="verifyAddToCartOptionTest" time="16.667"/>
</testsuite> <!-- com.swaglabs.qa.tests.HomePageTest -->
